This is pdfTeX, Version 3.14159265-2.6-1.40.17 (TeX Live 2016) (preloaded format=latex 2016.5.22)  6 AUG 2016 10:21
entering extended mode
 restricted \write18 enabled.
 %&-line parsing enabled.
**manual.tex
(./manual.tex
LaTeX2e <2016/03/31>
Babel <3.9r> and hyphenation patterns for 83 language(s) loaded.
(/usr/local/texlive/2016/texmf-dist/tex/latex/base/article.cls
Document Class: article 2014/09/29 v1.4h Standard LaTeX document class
(/usr/local/texlive/2016/texmf-dist/tex/latex/base/size10.clo
File: size10.clo 2014/09/29 v1.4h Standard LaTeX file (size option)
)
\c@part=\count79
\c@section=\count80
\c@subsection=\count81
\c@subsubsection=\count82
\c@paragraph=\count83
\c@subparagraph=\count84
\c@figure=\count85
\c@table=\count86
\abovecaptionskip=\skip41
\belowcaptionskip=\skip42
\bibindent=\dimen102
)
\@input{lj_included.aux}
\openout2 = `lj_included.aux'.

(./lj_included.tex)
(/usr/local/texlive/2016/texmf-dist/tex/latex/amsmath/amsmath.sty
Package: amsmath 2016/03/10 v2.15b AMS math features
\@mathmargin=\skip43

For additional information on amsmath, use the `?' option.
(/usr/local/texlive/2016/texmf-dist/tex/latex/amsmath/amstext.sty
Package: amstext 2000/06/29 v2.01 AMS text

(/usr/local/texlive/2016/texmf-dist/tex/latex/amsmath/amsgen.sty
File: amsgen.sty 1999/11/30 v2.0 generic functions
\@emptytoks=\toks14
\ex@=\dimen103
))
(/usr/local/texlive/2016/texmf-dist/tex/latex/amsmath/amsbsy.sty
Package: amsbsy 1999/11/29 v1.2d Bold Symbols
\pmbraise@=\dimen104
)
(/usr/local/texlive/2016/texmf-dist/tex/latex/amsmath/amsopn.sty
Package: amsopn 2016/03/08 v2.02 operator names
)
\inf@bad=\count87
LaTeX Info: Redefining \frac on input line 199.
\uproot@=\count88
\leftroot@=\count89
LaTeX Info: Redefining \overline on input line 297.
\classnum@=\count90
\DOTSCASE@=\count91
LaTeX Info: Redefining \ldots on input line 394.
LaTeX Info: Redefining \dots on input line 397.
LaTeX Info: Redefining \cdots on input line 518.
\Mathstrutbox@=\box26
\strutbox@=\box27
\big@size=\dimen105
LaTeX Font Info:    Redeclaring font encoding OML on input line 634.
LaTeX Font Info:    Redeclaring font encoding OMS on input line 635.
\macc@depth=\count92
\c@MaxMatrixCols=\count93
\dotsspace@=\muskip10
\c@parentequation=\count94
\dspbrk@lvl=\count95
\tag@help=\toks15
\row@=\count96
\column@=\count97
\maxfields@=\count98
\andhelp@=\toks16
\eqnshift@=\dimen106
\alignsep@=\dimen107
\tagshift@=\dimen108
\tagwidth@=\dimen109
\totwidth@=\dimen110
\lineht@=\dimen111
\@envbody=\toks17
\multlinegap=\skip44
\multlinetaggap=\skip45
\mathdisplay@stack=\toks18
LaTeX Info: Redefining \[ on input line 2739.
LaTeX Info: Redefining \] on input line 2740.
)
(/usr/local/texlive/2016/texmf-dist/tex/latex/amsfonts/amssymb.sty
Package: amssymb 2013/01/14 v3.01 AMS font symbols

(/usr/local/texlive/2016/texmf-dist/tex/latex/amsfonts/amsfonts.sty
Package: amsfonts 2013/01/14 v3.01 Basic AMSFonts support
\symAMSa=\mathgroup4
\symAMSb=\mathgroup5
LaTeX Font Info:    Overwriting math alphabet `\mathfrak' in version `bold'
(Font)                  U/euf/m/n --> U/euf/b/n on input line 106.
))
(./ottlayout.sty
Package: ottlayout 16/4/2007 Different ways of displaying Ott TeX

(/usr/local/texlive/2016/texmf-dist/tex/latex/graphics/keyval.sty
Package: keyval 2014/10/28 v1.15 key=value parser (DPC)
\KV@toks@=\toks19
)
(/usr/local/texlive/2016/texmf-dist/tex/latex/base/ifthen.sty
Package: ifthen 2014/09/29 v1.1c Standard LaTeX ifthen package (DPC)
)
(/usr/local/texlive/2016/texmf-dist/tex/latex/graphics/color.sty
Package: color 2016/05/09 v1.1c Standard LaTeX Color (DPC)

(/usr/local/texlive/2016/texmf-dist/tex/latex/graphics-cfg/color.cfg
File: color.cfg 2016/01/02 v1.6 sample color configuration
)
Package color Info: Driver file: dvips.def on input line 144.

(/usr/local/texlive/2016/texmf-dist/tex/latex/graphics/dvips.def
File: dvips.def 2015/12/30 v3.0k Driver-dependent file (DPC,SPQR)
)
(/usr/local/texlive/2016/texmf-dist/tex/latex/graphics/dvipsnam.def
File: dvipsnam.def 2015/12/30 v3.0k Driver-dependent file (DPC,SPQR)
))
\rulewidth=\skip46
\c@premiseno=\count99
\premisewidth=\skip47
\oneunit=\skip48
\twounits=\skip49
\threeunits=\skip50
\fourunits=\skip51
\fiveunits=\skip52
\boxA=\box28
\boxB=\box29
\boxC=\box30
\boxD=\box31
\boxE=\box32
\boxF=\box33
\basewidthA=\skip53
\basewidthB=\skip54
\basewidthC=\skip55
\basewidthD=\skip56
\basewidthE=\skip57
\basewidthF=\skip58
\widthA=\skip59
\widthB=\skip60
\widthC=\skip61
\widthD=\skip62
\widthE=\skip63
\widthF=\skip64
\c@boxno=\count100
\premisebox=\box34
\premiselinebox=\box35
\c@premiseulength=\count101
\c@filledcols=\count102
\c@multiplier=\count103
)
\@input{lj_override.aux}
\openout2 = `lj_override.aux'.

(./lj_override.tex)
(/usr/local/texlive/2016/texmf-dist/tex/latex/supertabular/supertabular.sty
Package: supertabular 2004/02/20 v4.1e the supertabular environment
\c@tracingst=\count104
\ST@wd=\dimen112
\ST@rightskip=\skip65
\ST@leftskip=\skip66
\ST@parfillskip=\skip67
\ST@pageleft=\dimen113
\ST@headht=\dimen114
\ST@tailht=\dimen115
\ST@pagesofar=\dimen116
\ST@pboxht=\dimen117
\ST@lineht=\dimen118
\ST@stretchht=\dimen119
\ST@prevht=\dimen120
\ST@toadd=\dimen121
\ST@dimen=\dimen122
\ST@pbox=\box36
)
(/usr/local/texlive/2016/texmf-dist/tex/latex/url/url.sty
\Urlmuskip=\muskip11
Package: url 2013/09/16  ver 3.4  Verb mode for urls, etc.
) (./manual.aux)
\openout1 = `manual.aux'.

LaTeX Font Info:    Checking defaults for OML/cmm/m/it on input line 29.
LaTeX Font Info:    ... okay on input line 29.
LaTeX Font Info:    Checking defaults for T1/cmr/m/n on input line 29.
LaTeX Font Info:    ... okay on input line 29.
LaTeX Font Info:    Checking defaults for OT1/cmr/m/n on input line 29.
LaTeX Font Info:    ... okay on input line 29.
LaTeX Font Info:    Checking defaults for OMS/cmsy/m/n on input line 29.
LaTeX Font Info:    ... okay on input line 29.
LaTeX Font Info:    Checking defaults for OMX/cmex/m/n on input line 29.
LaTeX Font Info:    ... okay on input line 29.
LaTeX Font Info:    Checking defaults for U/cmr/m/n on input line 29.
LaTeX Font Info:    ... okay on input line 29.
LaTeX Font Info:    Try loading font information for U+msa on input line 31.

(/usr/local/texlive/2016/texmf-dist/tex/latex/amsfonts/umsa.fd
File: umsa.fd 2013/01/14 v3.01 AMS symbols A
)
LaTeX Font Info:    Try loading font information for U+msb on input line 31.

(/usr/local/texlive/2016/texmf-dist/tex/latex/amsfonts/umsb.fd
File: umsb.fd 2013/01/14 v3.01 AMS symbols B
)
Overfull \hbox (18.27417pt too wide) in paragraph at lines 70--79
\OT1/cmr/m/n/10 cludes the gen-er-ated L[]T[]X for the user lan-guage, e.g. wit
h []\OT1/cmtt/m/n/10 \include{lj_included}\OT1/cmr/m/n/10 ;
 []


Overfull \hbox (13.02455pt too wide) in paragraph at lines 70--79
\OT1/cmr/m/n/10 (c) uses the gen-er-ated over-ride file to link the gen-er-ated
 L[]T[]X with []\OT1/cmtt/m/n/10 ottlayout.sty\OT1/cmr/m/n/10 ,
 []

LaTeX Font Info:    Try loading font information for OMS+cmtt on input line 93.

LaTeX Font Info:    No file OMScmtt.fd. on input line 93.

LaTeX Font Warning: Font shape `OMS/cmtt/m/n' undefined
(Font)              using `OMS/cmsy/m/n' instead
(Font)              for symbol `textbraceleft' on input line 93.

[1





]
Overfull \hbox (4.26782pt too wide) in paragraph at lines 99--101
[] 
 []


Underfull \hbox (badness 10000) in paragraph at lines 99--101

 []


Underfull \hbox (badness 10000) in paragraph at lines 111--113

 []

[2]
Underfull \hbox (badness 10000) in paragraph at lines 124--127

 []


Overfull \hbox (12.00002pt too wide) in alignment at lines 168--168
[]
 []

[3]
Overfull \hbox (12.00002pt too wide) in alignment at lines 183--183
[]
 []


Underfull \hbox (badness 10000) in paragraph at lines 182--184

 []


Overfull \hbox (12.00002pt too wide) in alignment at lines 199--199
[]
 []

[4]
Underfull \hbox (badness 10000) in alignment at lines 217--217
[]
 []


Underfull \hbox (badness 10000) in alignment at lines 217--217
[]
 []


Underfull \hbox (badness 10000) in alignment at lines 217--217
[]
 []


Underfull \hbox (badness 10000) in alignment at lines 217--217
[]
 []


Underfull \hbox (badness 10000) in alignment at lines 217--217
[]
 []


Underfull \hbox (badness 10000) in alignment at lines 217--217
[]
 []


Overfull \hbox (12.00002pt too wide) in alignment at lines 217--217
[]
 []


Underfull \hbox (badness 10000) in alignment at lines 217--217
[]
 []


Underfull \hbox (badness 10000) in alignment at lines 217--217
[]
 []


Underfull \hbox (badness 10000) in alignment at lines 217--217
[]
 []


Overfull \hbox (12.00002pt too wide) in alignment at lines 217--217
[]
 []


Overfull \hbox (12.00002pt too wide) in alignment at lines 217--217
[]
 []

[5] (./manual.bbl) [6] (./manual.aux)

LaTeX Font Warning: Some font shapes were not available, defaults substituted.

 ) 
Here is how much of TeX's memory you used:
 2228 strings out of 493015
 29240 string characters out of 6133377
 139255 words of memory out of 5000000
 5751 multiletter control sequences out of 15000+600000
 19636 words of font info for 74 fonts, out of 8000000 for 9000
 1141 hyphenation exceptions out of 8191
 27i,22n,26p,453b,412s stack positions out of 5000i,500n,10000p,200000b,80000s

Output written on manual.dvi (6 pages, 35344 bytes).
