This file contains any messages produced by compilers while
running configure, to aid debugging if configure makes a mistake.

It was created by configure, which was
generated by GNU Autoconf 2.65.  Invocation command line was

  $ ./configure 

## --------- ##
## Platform. ##
## --------- ##

hostname = Harleys-Lappy.local
uname -m = x86_64
uname -r = 15.6.0
uname -s = Darwin
uname -v = Darwin Kernel Version 15.6.0: Thu Jun 23 18:25:34 PDT 2016; root:xnu-3248.60.10~1/RELEASE_X86_64

/usr/bin/uname -p = i386
/bin/uname -X     = unknown

/bin/arch              = unknown
/usr/bin/arch -k       = unknown
/usr/convex/getsysinfo = unknown
/usr/bin/hostinfo      = Mach kernel version:
	 Darwin Kernel Version 15.6.0: Thu Jun 23 18:25:34 PDT 2016; root:xnu-3248.60.10~1/RELEASE_X86_64
Kernel configured for up to 4 processors.
2 processors are physically available.
4 processors are logically available.
Processor type: x86_64h (Intel x86-64h Haswell)
Processors active: 0 1 2 3
Primary memory available: 8.00 gigabytes
Default processor set: 330 tasks, 1487 threads, 4 processors
Load average: 2.38, Mach factor: 1.84
/bin/machine           = unknown
/usr/bin/oslevel       = unknown
/bin/universe          = unknown

PATH: /Users/heades/Library/Haskell/bin
PATH: /Users/heades/Research/liquidhaskell/liquidhaskell/.cabal-sandbox/bin
PATH: /opt/local/bin
PATH: /usr/local/bin
PATH: /usr/bin
PATH: /bin
PATH: /usr/sbin
PATH: /sbin
PATH: /usr/texbin
PATH: /usr/X11/bin
PATH: /Library/TeX/Root/bin/i386-darwin
PATH: /Users/hde/Library/Haskell/ghc-7.4.1/lib/BlogLiterately-0.5/bin
PATH: /Users/heades/Library/Haskell/bin
PATH: /usr/local/mysql/bin
PATH: /usr/local/mysql/lib
PATH: /Library/TeX/texbin


## ----------- ##
## Core tests. ##
## ----------- ##

configure:1663: checking for ocamlc
configure:1679: found /usr/local/bin/ocamlc
configure:1691: result: ocamlc
configure:1724: checking for ocamlopt
configure:1740: found /usr/local/bin/ocamlopt
configure:1752: result: ocamlopt
configure:1765: checking ocamlopt version
configure:1773: result: ok
configure:1782: checking for ocamlc.opt
configure:1798: found /usr/local/bin/ocamlc.opt
configure:1810: result: ocamlc.opt
configure:1819: checking ocamlc.opt version
configure:1826: result: ok
configure:1836: checking for ocamlopt.opt
configure:1852: found /usr/local/bin/ocamlopt.opt
configure:1864: result: ocamlopt.opt
configure:1873: checking ocamlc.opt version
configure:1880: result: ok
configure:1890: checking for ocamldep
configure:1906: found /usr/local/bin/ocamldep
configure:1918: result: ocamldep
configure:1932: checking for ocamllex
configure:1948: found /usr/local/bin/ocamllex
configure:1960: result: ocamllex
configure:1973: checking for ocamllex.opt
configure:1989: found /usr/local/bin/ocamllex.opt
configure:2001: result: ocamllex.opt
configure:2016: checking for ocamlyacc
configure:2032: found /usr/local/bin/ocamlyacc
configure:2044: result: ocamlyacc
configure:2058: checking for ocamldoc
configure:2074: found /usr/local/bin/ocamldoc
configure:2086: result: ocamldoc
configure:2100: checking for ocamldoc.opt
configure:2116: found /usr/local/bin/ocamldoc.opt
configure:2128: result: ocamldoc.opt
configure:2143: checking for ocamlweb
configure:2171: result: true
configure:2182: checking for ocamlfind
configure:2212: result: no
configure:2226: checking for /usr/local/lib/ocaml/lablgtk2/lablgtk.cmxa
configure:2240: result: no
configure:2281: checking Win32 platform
configure:2290: result: no
configure:2301: WARNING: lablgnomecanvas not found: the graph editor and view_graph will not be compiled
configure:2465: creating ./config.status

## ---------------------- ##
## Running config.status. ##
## ---------------------- ##

This file was extended by config.status, which was
generated by GNU Autoconf 2.65.  Invocation command line was

  CONFIG_FILES    = 
  CONFIG_HEADERS  = 
  CONFIG_LINKS    = 
  CONFIG_COMMANDS = 
  $ ./config.status 

on Harleys-Lappy.local

config.status:736: creating Makefile

## ---------------- ##
## Cache variables. ##
## ---------------- ##

ac_cv_env_build_alias_set=
ac_cv_env_build_alias_value=
ac_cv_env_host_alias_set=
ac_cv_env_host_alias_value=
ac_cv_env_target_alias_set=
ac_cv_env_target_alias_value=
ac_cv_file__usr_local_lib_ocaml_lablgtk2_lablgtk_cmxa=no
ac_cv_prog_OCAMLC=ocamlc
ac_cv_prog_OCAMLCDOTOPT=ocamlc.opt
ac_cv_prog_OCAMLDEP=ocamldep
ac_cv_prog_OCAMLDOC=ocamldoc
ac_cv_prog_OCAMLDOCOPT=ocamldoc.opt
ac_cv_prog_OCAMLLEX=ocamllex
ac_cv_prog_OCAMLLEXDOTOPT=ocamllex.opt
ac_cv_prog_OCAMLOPT=ocamlopt
ac_cv_prog_OCAMLOPTDOTOPT=ocamlopt.opt
ac_cv_prog_OCAMLWEB=true
ac_cv_prog_OCAMLYACC=ocamlyacc

## ----------------- ##
## Output variables. ##
## ----------------- ##

DEFS='-DPACKAGE_NAME=\"\" -DPACKAGE_TARNAME=\"\" -DPACKAGE_VERSION=\"\" -DPACKAGE_STRING=\"\" -DPACKAGE_BUGREPORT=\"\" -DPACKAGE_URL=\"\"'
ECHO_C='\c'
ECHO_N=''
ECHO_T=''
EXE=''
INCLUDEGTK2=''
LABLGNOMECANVAS='no'
LABLGTK2='no'
LIBEXT='.a'
LIBOBJS=''
LIBS=''
LTLIBOBJS=''
OBJEXT='.o'
OCAMLBEST='opt'
OCAMLC='ocamlc.opt'
OCAMLCDOTOPT='ocamlc.opt'
OCAMLDEP='ocamldep'
OCAMLDOC='ocamldoc.opt'
OCAMLDOCOPT='ocamldoc.opt'
OCAMLFIND=''
OCAMLLEX='ocamllex.opt'
OCAMLLEXDOTOPT='ocamllex.opt'
OCAMLLIB='/usr/local/lib/ocaml'
OCAMLOPT='ocamlopt.opt'
OCAMLOPTDOTOPT='ocamlopt.opt'
OCAMLVERSION='4.03.0'
OCAMLWEB='true'
OCAMLWIN32='no'
OCAMLYACC='ocamlyacc'
PACKAGE_BUGREPORT=''
PACKAGE_NAME=''
PACKAGE_STRING=''
PACKAGE_TARNAME=''
PACKAGE_URL=''
PACKAGE_VERSION=''
PATH_SEPARATOR=':'
SHELL='/bin/sh'
bindir='${exec_prefix}/bin'
build_alias=''
datadir='${datarootdir}'
datarootdir='${prefix}/share'
docdir='${datarootdir}/doc/${PACKAGE}'
dvidir='${docdir}'
exec_prefix='${prefix}'
host_alias=''
htmldir='${docdir}'
includedir='${prefix}/include'
infodir='${datarootdir}/info'
libdir='${exec_prefix}/lib'
libexecdir='${exec_prefix}/libexec'
localedir='${datarootdir}/locale'
localstatedir='${prefix}/var'
mandir='${datarootdir}/man'
oldincludedir='/usr/include'
pdfdir='${docdir}'
prefix='/usr/local'
program_transform_name='s,x,x,'
psdir='${docdir}'
sbindir='${exec_prefix}/sbin'
sharedstatedir='${prefix}/com'
sysconfdir='${prefix}/etc'
target_alias=''

## ----------- ##
## confdefs.h. ##
## ----------- ##

/* confdefs.h */
#define PACKAGE_NAME ""
#define PACKAGE_TARNAME ""
#define PACKAGE_VERSION ""
#define PACKAGE_STRING ""
#define PACKAGE_BUGREPORT ""
#define PACKAGE_URL ""

configure: exit 0
